<?xml version="1.0" encoding="UTF-8"?>
<testng-results ignored="0" total="1" passed="1" failed="0" skipped="0">
  <reporter-output>
  </reporter-output>
  <suite started-at="2023-03-30T14:11:25 IST" name="Default suite" finished-at="2023-03-30T14:11:27 IST" duration-ms="2102">
    <groups>
    </groups>
    <test started-at="2023-03-30T14:11:25 IST" name="Default test" finished-at="2023-03-30T14:11:27 IST" duration-ms="2102">
      <class name="rest.assured.practice.StaticJson">
        <test-method signature="addBook()[pri:0, instance:rest.assured.practice.StaticJson@3315d2d7]" started-at="2023-03-30T14:11:25 IST" name="addBook" finished-at="2023-03-30T14:11:27 IST" duration-ms="2075" status="PASS">
          <reporter-output>
          </reporter-output>
        </test-method> <!-- addBook -->
      </class> <!-- rest.assured.practice.StaticJson -->
    </test> <!-- Default test -->
  </suite> <!-- Default suite -->
</testng-results>
